Сборка начата 09.12.2023 20:23:19.
Уровень детализации журнала: Normal.     1>Проект "D:\MyProjects\wordle\wordle\wordle.vcxproj" в узле 2 (целевые объекты Rebuild).
     1>_PrepareForClean:
         Файл "x64\Debug\wordle.tlog\wordle.lastbuildstate" удаляется.
       CoreClean:
         Файл "D:\MyProjects\wordle\wordle\x64\Debug\wordle.vcxproj.AssemblyReference.cache" удаляется.
         Файл "D:\MyProjects\wordle\wordle\x64\Debug\wordle.wordle_form.resources" удаляется.
         Файл "D:\MyProjects\wordle\wordle\x64\Debug\wordle.vcxproj.GenerateResource.cache" удаляется.
       PrepareForBuild:
         Структурированный вывод включен. Форматирование диагностики компилятора будет отражать иерархию ошибок. Подробнее см. https://aka.ms/cpp/structured-output.
       InitializeBuildStatus:
         Создание "x64\Debug\wordle.tlog\unsuccessfulbuild", так как было задано "AlwaysCreate".
         Обращение к "x64\Debug\wordle.tlog\unsuccessfulbuild".
       GenerateTargetFrameworkMonikerAttribute:
       Целевой объект "GenerateTargetFrameworkMonikerAttribute" пропускается, так как все выходные файлы актуальны по отношению к входным.
       ClCompile:
         C:\Program Files\Microsoft Visual Studio\2022\Preview\VC\Tools\MSVC\14.39.33218\bin\HostX64\x64\CL.exe /c /AI"C:\Program Files (x86)\Reference Assemblies\Microsoft\Framework\.NETFramework\v4.7.2\\" /AI"C:\Program Files (x86)\Windows Kits\10\References" /AI"C:\Program Files (x86)\Reference Assemblies\Microsoft\Framework\.NETFramework\v4.7.2\Facades\\" /Zi /clr /nologo /W3 /WX- /diagnostics:column /Od /D _DEBUG /D _UNICODE /D UNICODE /EHa /MDd /GS /fp:precise /Zc:wchar_t /Zc:forScope /Zc:inline /Fo"x64\Debug\\" /Fd"x64\Debug\vc143.pdb" /external:W3 /TP /FU"C:\Program Files (x86)\Reference Assemblies\Microsoft\Framework\.NETFramework\v4.7.2\mscorlib.dll" /FU"C:\Program Files (x86)\Reference Assemblies\Microsoft\Framework\.NETFramework\v4.7.2\System.Data.dll" /FU"C:\Program Files (x86)\Reference Assemblies\Microsoft\Framework\.NETFramework\v4.7.2\System.dll" /FU"C:\Program Files (x86)\Reference Assemblies\Microsoft\Framework\.NETFramework\v4.7.2\System.Drawing.dll" /FU"C:\Program Files (x86)\Reference Assemblies\Microsoft\Framework\.NETFramework\v4.7.2\System.Windows.Forms.dll" /FU"C:\Program Files (x86)\Reference Assemblies\Microsoft\Framework\.NETFramework\v4.7.2\System.Xml.dll" /FC /errorReport:prompt /clr:nostdlib wordle_form.cpp "x64\Debug\.NETFramework,Version=v4.7.2.AssemblyAttributes.cpp"
         wordle_form.cpp
         .NETFramework,Version=v4.7.2.AssemblyAttributes.cpp
         Создание кода...
       CoreResGen:
         Обрабатывается файл ресурсов "wordle_form.resx", результирующий объект: "x64\Debug\wordle.wordle_form.resources".
       Link:
         C:\Program Files\Microsoft Visual Studio\2022\Preview\VC\Tools\MSVC\14.39.33218\bin\HostX64\x64\link.exe /ERRORREPORT:PROMPT /OUT:"D:\MyProjects\wordle\x64\Debug\wordle.exe" /INCREMENTAL /ILK:"x64\Debug\wordle.ilk" /NOLOGO /ASSEMBLYRESOURCE:x64\Debug\wordle.wordle_form.resources /MANIFEST /MANIFESTUAC:"level='asInvoker' uiAccess='false'" /manifest:embed /DEBUG:FULL /PDB:"D:\MyProjects\wordle\x64\Debug\wordle.pdb" /ASSEMBLYDEBUG /SUBSYSTEM:WINDOWS /TLBID:1 /ENTRY:"main" /DYNAMICBASE /FIXED:NO /NXCOMPAT /MACHINE:X64 x64\Debug\wordle_form.obj
         "x64\Debug\.NETFramework,Version=v4.7.2.AssemblyAttributes.obj"
         wordle_form.obj : обнаружен модуль MSIL; для MSIL последовательная компоновка отключена; выполняется полная компоновка
         wordle.vcxproj -> D:\MyProjects\wordle\x64\Debug\wordle.exe
       FinalizeBuildStatus:
         Файл "x64\Debug\wordle.tlog\unsuccessfulbuild" удаляется.
         Обращение к "x64\Debug\wordle.tlog\wordle.lastbuildstate".
     1>Сборка проекта "D:\MyProjects\wordle\wordle\wordle.vcxproj" завершена (целевые объекты Rebuild).

Сборка успешно завершена.
    Предупреждений: 0
    Ошибок: 0

Прошло времени 00:00:01.93
